<?xml version="1.0" encoding="UTF-8"?>
<!-- Generated by org.testng.reporters.JUnitXMLReporter -->
<testsuite ignored="2" hostname="anurags-MacBook-Air.local" failures="0" tests="1" name="Default test" time="2.737" errors="0" timestamp="2024-04-23T18:09:57 IST">
  <testcase classname="crudOperaion.PutPatchDelete" name="test_patch" time="2.672"/>
  <testcase classname="crudOperaion.PutPatchDelete" name="test_put" time="0.0">
    <ignored/>
  </testcase> <!-- test_put -->
  <testcase classname="crudOperaion.PutPatchDelete" name="test_delete" time="0.0">
    <ignored/>
  </testcase> <!-- test_delete -->
</testsuite> <!-- Default test -->
