<?xml version="1.0" encoding="UTF-8"?>
<testng-results ignored="2" total="3" passed="1" failed="0" skipped="0">
  <reporter-output>
  </reporter-output>
  <suite started-at="2024-04-23T18:09:55 IST" name="Default suite" finished-at="2024-04-23T18:09:57 IST" duration-ms="2737">
    <groups>
    </groups>
    <test started-at="2024-04-23T18:09:55 IST" name="Default test" finished-at="2024-04-23T18:09:57 IST" duration-ms="2737">
      <class name="crudOperaion.PutPatchDelete">
        <test-method signature="test_patch()[pri:0, instance:crudOperaion.PutPatchDelete@f74e835]" started-at="2024-04-23T18:09:55 IST" name="test_patch" finished-at="2024-04-23T18:09:57 IST" duration-ms="2672" status="PASS">
          <reporter-output>
          </reporter-output>
        </test-method> <!-- test_patch -->
      </class> <!-- crudOperaion.PutPatchDelete -->
    </test> <!-- Default test -->
  </suite> <!-- Default suite -->
</testng-results>
