<?xml version="1.0" encoding="UTF-8"?>
<testng-results ignored="0" total="1" passed="1" failed="0" skipped="0">
  <reporter-output>
  </reporter-output>
  <suite started-at="2024-04-29T23:10:36 IST" name="Default suite" finished-at="2024-04-29T23:10:40 IST" duration-ms="3649">
    <groups>
    </groups>
    <test started-at="2024-04-29T23:10:36 IST" name="Default test" finished-at="2024-04-29T23:10:40 IST" duration-ms="3649">
      <class name="crudOperaion.GetCallWithAssertion">
        <test-method signature="test_get()[pri:0, instance:crudOperaion.GetCallWithAssertion@21282ed8]" started-at="2024-04-29T23:10:36 IST" name="test_get" finished-at="2024-04-29T23:10:40 IST" duration-ms="3605" status="PASS">
          <reporter-output>
          </reporter-output>
        </test-method> <!-- test_get -->
      </class> <!-- crudOperaion.GetCallWithAssertion -->
    </test> <!-- Default test -->
  </suite> <!-- Default suite -->
</testng-results>
